<?xml version="1.0" encoding="UTF-8"?>
<testng-results skipped="0" failed="0" total="3" passed="3">
  <reporter-output>
  </reporter-output>
  <suite name="Suite" duration-ms="67994" started-at="2019-10-15T20:39:31Z" finished-at="2019-10-15T20:40:39Z">
    <groups>
    </groups>
    <test name="Test" duration-ms="67994" started-at="2019-10-15T20:39:31Z" finished-at="2019-10-15T20:40:39Z">
      <class name="tests.KoddiTest">
        <test-method status="PASS" signature="beforeTest()[pri:0, instance:tests.KoddiTest@5d5eef3d]" name="beforeTest" is-config="true" duration-ms="40712" started-at="2019-10-15T16:39:49Z" finished-at="2019-10-15T16:40:30Z">
          <reporter-output>
          </reporter-output>
        </test-method> <!-- beforeTest -->
        <test-method status="PASS" signature="koddiTest()[pri:0, instance:tests.KoddiTest@5d5eef3d]" name="koddiTest" duration-ms="7447" started-at="2019-10-15T16:40:30Z" finished-at="2019-10-15T16:40:38Z">
          <reporter-output>
          </reporter-output>
        </test-method> <!-- koddiTest -->
        <test-method status="PASS" signature="afterTest()[pri:0, instance:tests.KoddiTest@5d5eef3d]" name="afterTest" is-config="true" duration-ms="949" started-at="2019-10-15T16:40:38Z" finished-at="2019-10-15T16:40:39Z">
          <reporter-output>
          </reporter-output>
        </test-method> <!-- afterTest -->
      </class> <!-- tests.KoddiTest -->
      <class name="tests.CalculatorTest">
        <test-method status="PASS" signature="beforeTest()[pri:0, instance:tests.CalculatorTest@735b5592]" name="beforeTest" is-config="true" duration-ms="4191" started-at="2019-10-15T16:39:41Z" finished-at="2019-10-15T16:39:45Z">
          <reporter-output>
          </reporter-output>
        </test-method> <!-- beforeTest -->
        <test-method status="PASS" signature="calculatorTest()[pri:0, instance:tests.CalculatorTest@735b5592]" name="calculatorTest" duration-ms="3507" started-at="2019-10-15T16:39:45Z" finished-at="2019-10-15T16:39:49Z">
          <reporter-output>
          </reporter-output>
        </test-method> <!-- calculatorTest -->
        <test-method status="PASS" signature="afterTest()[pri:0, instance:tests.CalculatorTest@735b5592]" name="afterTest" is-config="true" duration-ms="811" started-at="2019-10-15T16:39:49Z" finished-at="2019-10-15T16:39:49Z">
          <reporter-output>
          </reporter-output>
        </test-method> <!-- afterTest -->
      </class> <!-- tests.CalculatorTest -->
      <class name="tests.GoogleTest">
        <test-method status="PASS" signature="beforeTest()[pri:0, instance:tests.GoogleTest@62ee68d8]" name="beforeTest" is-config="true" duration-ms="4509" started-at="2019-10-15T16:39:31Z" finished-at="2019-10-15T16:39:35Z">
          <reporter-output>
          </reporter-output>
        </test-method> <!-- beforeTest -->
        <test-method status="PASS" signature="googleTest()[pri:0, instance:tests.GoogleTest@62ee68d8]" name="googleTest" duration-ms="4900" started-at="2019-10-15T16:39:35Z" finished-at="2019-10-15T16:39:40Z">
          <reporter-output>
          </reporter-output>
        </test-method> <!-- googleTest -->
        <test-method status="PASS" signature="afterTest()[pri:0, instance:tests.GoogleTest@62ee68d8]" name="afterTest" is-config="true" duration-ms="951" started-at="2019-10-15T16:39:40Z" finished-at="2019-10-15T16:39:41Z">
          <reporter-output>
          </reporter-output>
        </test-method> <!-- afterTest -->
      </class> <!-- tests.GoogleTest -->
    </test> <!-- Test -->
  </suite> <!-- Suite -->
</testng-results>
